[0mGET / [32m200[0m 141.834 ms - 5268[0m
[0mGET /favicon.ico [33m404[0m 4.371 ms - 150[0m
[0mGET /users/sign-in [36m304[0m 3.508 ms - -[0m
[0mPOST /users/create-session [36m302[0m 20.650 ms - 46[0m
[0mGET / [32m200[0m 15.621 ms - 7467[0m
[0mGET /posts/destroy/61b87d1c7e1f43e60d9a9913 [32m200[0m 15.360 ms - 72[0m
[0mPOST /comments/create [36m302[0m 20.972 ms - 46[0m
[0mGET / [32m200[0m 21.475 ms - 6842[0m
[0mGET /users/profile/61acbc77d25e6bf27c9d1ebd [32m200[0m 42.585 ms - 2115[0m
[0mGET / [32m200[0m 89.818 ms - 6651[0m
[0mGET / [36m304[0m 78.291 ms - -[0m
::1 - - [26/Dec/2021:12:14:36 +0000] "GET / HTTP/1.1" 500 1147 "-" "Mozilla/5.0 (Windows NT 10.0; Win64; x64) AppleWebKit/537.36 (KHTML, like Gecko) Chrome/96.0.4664.110 Safari/537.36"
::1 - - [26/Dec/2021:12:20:03 +0000] "GET / HTTP/1.1" 500 148 "-" "Mozilla/5.0 (Windows NT 10.0; Win64; x64) AppleWebKit/537.36 (KHTML, like Gecko) Chrome/96.0.4664.110 Safari/537.36"
::1 - - [26/Dec/2021:12:24:00 +0000] "GET / HTTP/1.1" 200 3080 "-" "Mozilla/5.0 (Windows NT 10.0; Win64; x64) AppleWebKit/537.36 (KHTML, like Gecko) Chrome/96.0.4664.110 Safari/537.36"
::1 - - [26/Dec/2021:12:24:00 +0000] "GET /favicon.ico HTTP/1.1" 404 150 "http://localhost:8001/" "Mozilla/5.0 (Windows NT 10.0; Win64; x64) AppleWebKit/537.36 (KHTML, like Gecko) Chrome/96.0.4664.110 Safari/537.36"
::1 - - [26/Dec/2021:12:24:04 +0000] "GET /users/sign-in HTTP/1.1" 200 2259 "http://localhost:8001/" "Mozilla/5.0 (Windows NT 10.0; Win64; x64) AppleWebKit/537.36 (KHTML, like Gecko) Chrome/96.0.4664.110 Safari/537.36"
::1 - - [26/Dec/2021:12:24:05 +0000] "POST /users/create-session HTTP/1.1" 302 72 "http://localhost:8001/users/sign-in" "Mozilla/5.0 (Windows NT 10.0; Win64; x64) AppleWebKit/537.36 (KHTML, like Gecko) Chrome/96.0.4664.110 Safari/537.36"
::1 - - [26/Dec/2021:12:24:05 +0000] "GET /users/sign-in HTTP/1.1" 200 2496 "http://localhost:8001/users/sign-in" "Mozilla/5.0 (Windows NT 10.0; Win64; x64) AppleWebKit/537.36 (KHTML, like Gecko) Chrome/96.0.4664.110 Safari/537.36"
::1 - - [26/Dec/2021:12:24:12 +0000] "POST /users/create-session HTTP/1.1" 302 72 "http://localhost:8001/users/sign-in" "Mozilla/5.0 (Windows NT 10.0; Win64; x64) AppleWebKit/537.36 (KHTML, like Gecko) Chrome/96.0.4664.110 Safari/537.36"
::1 - - [26/Dec/2021:12:24:12 +0000] "GET /users/sign-in HTTP/1.1" 304 - "http://localhost:8001/users/sign-in" "Mozilla/5.0 (Windows NT 10.0; Win64; x64) AppleWebKit/537.36 (KHTML, like Gecko) Chrome/96.0.4664.110 Safari/537.36"
::1 - - [26/Dec/2021:12:24:13 +0000] "GET /users/auth/google HTTP/1.1" 302 0 "http://localhost:8001/users/sign-in" "Mozilla/5.0 (Windows NT 10.0; Win64; x64) AppleWebKit/537.36 (KHTML, like Gecko) Chrome/96.0.4664.110 Safari/537.36"
::1 - - [26/Dec/2021:12:28:53 +0000] "GET /users/sign-in HTTP/1.1" 200 2259 "http://localhost:8001/users/sign-in" "Mozilla/5.0 (Windows NT 10.0; Win64; x64) AppleWebKit/537.36 (KHTML, like Gecko) Chrome/96.0.4664.110 Safari/537.36"
::1 - - [26/Dec/2021:12:28:54 +0000] "GET /users/sign-in HTTP/1.1" 304 - "http://localhost:8001/users/sign-in" "Mozilla/5.0 (Windows NT 10.0; Win64; x64) AppleWebKit/537.36 (KHTML, like Gecko) Chrome/96.0.4664.110 Safari/537.36"
::1 - - [26/Dec/2021:12:28:55 +0000] "GET /users/sign-in HTTP/1.1" 304 - "http://localhost:8001/users/sign-in" "Mozilla/5.0 (Windows NT 10.0; Win64; x64) AppleWebKit/537.36 (KHTML, like Gecko) Chrome/96.0.4664.110 Safari/537.36"
::1 - - [26/Dec/2021:12:28:55 +0000] "GET /users/sign-in HTTP/1.1" 304 - "http://localhost:8001/users/sign-in" "Mozilla/5.0 (Windows NT 10.0; Win64; x64) AppleWebKit/537.36 (KHTML, like Gecko) Chrome/96.0.4664.110 Safari/537.36"
::1 - - [26/Dec/2021:12:28:55 +0000] "GET /users/sign-in HTTP/1.1" 304 - "http://localhost:8001/users/sign-in" "Mozilla/5.0 (Windows NT 10.0; Win64; x64) AppleWebKit/537.36 (KHTML, like Gecko) Chrome/96.0.4664.110 Safari/537.36"
::1 - - [26/Dec/2021:12:28:55 +0000] "GET /users/sign-in HTTP/1.1" 304 - "http://localhost:8001/users/sign-in" "Mozilla/5.0 (Windows NT 10.0; Win64; x64) AppleWebKit/537.36 (KHTML, like Gecko) Chrome/96.0.4664.110 Safari/537.36"
::1 - - [26/Dec/2021:12:28:55 +0000] "GET /users/sign-in HTTP/1.1" 304 - "http://localhost:8001/users/sign-in" "Mozilla/5.0 (Windows NT 10.0; Win64; x64) AppleWebKit/537.36 (KHTML, like Gecko) Chrome/96.0.4664.110 Safari/537.36"
::1 - - [26/Dec/2021:12:28:57 +0000] "POST /users/create-session HTTP/1.1" 302 72 "http://localhost:8001/users/sign-in" "Mozilla/5.0 (Windows NT 10.0; Win64; x64) AppleWebKit/537.36 (KHTML, like Gecko) Chrome/96.0.4664.110 Safari/537.36"
::1 - - [26/Dec/2021:12:28:57 +0000] "GET /users/sign-in HTTP/1.1" 200 2496 "http://localhost:8001/users/sign-in" "Mozilla/5.0 (Windows NT 10.0; Win64; x64) AppleWebKit/537.36 (KHTML, like Gecko) Chrome/96.0.4664.110 Safari/537.36"
::1 - - [26/Dec/2021:12:28:58 +0000] "POST /users/create-session HTTP/1.1" 302 72 "http://localhost:8001/users/sign-in" "Mozilla/5.0 (Windows NT 10.0; Win64; x64) AppleWebKit/537.36 (KHTML, like Gecko) Chrome/96.0.4664.110 Safari/537.36"
::1 - - [26/Dec/2021:12:28:58 +0000] "GET /users/sign-in HTTP/1.1" 304 - "http://localhost:8001/users/sign-in" "Mozilla/5.0 (Windows NT 10.0; Win64; x64) AppleWebKit/537.36 (KHTML, like Gecko) Chrome/96.0.4664.110 Safari/537.36"
::1 - - [26/Dec/2021:12:28:58 +0000] "POST /users/create-session HTTP/1.1" 302 72 "http://localhost:8001/users/sign-in" "Mozilla/5.0 (Windows NT 10.0; Win64; x64) AppleWebKit/537.36 (KHTML, like Gecko) Chrome/96.0.4664.110 Safari/537.36"
::1 - - [26/Dec/2021:12:28:58 +0000] "GET /users/sign-in HTTP/1.1" 304 - "http://localhost:8001/users/sign-in" "Mozilla/5.0 (Windows NT 10.0; Win64; x64) AppleWebKit/537.36 (KHTML, like Gecko) Chrome/96.0.4664.110 Safari/537.36"
::1 - - [26/Dec/2021:12:28:58 +0000] "POST /users/create-session HTTP/1.1" 302 72 "http://localhost:8001/users/sign-in" "Mozilla/5.0 (Windows NT 10.0; Win64; x64) AppleWebKit/537.36 (KHTML, like Gecko) Chrome/96.0.4664.110 Safari/537.36"
::1 - - [26/Dec/2021:12:28:58 +0000] "GET /users/sign-in HTTP/1.1" 304 - "http://localhost:8001/users/sign-in" "Mozilla/5.0 (Windows NT 10.0; Win64; x64) AppleWebKit/537.36 (KHTML, like Gecko) Chrome/96.0.4664.110 Safari/537.36"
::1 - - [26/Dec/2021:12:29:04 +0000] "GET /users/sign-in HTTP/1.1" 200 2259 "http://localhost:8001/users/sign-in" "Mozilla/5.0 (Windows NT 10.0; Win64; x64) AppleWebKit/537.36 (KHTML, like Gecko) Chrome/96.0.4664.110 Safari/537.36"
::1 - - [26/Dec/2021:12:29:05 +0000] "GET /users/sign-in HTTP/1.1" 304 - "http://localhost:8001/users/sign-in" "Mozilla/5.0 (Windows NT 10.0; Win64; x64) AppleWebKit/537.36 (KHTML, like Gecko) Chrome/96.0.4664.110 Safari/537.36"
::1 - - [26/Dec/2021:12:29:05 +0000] "GET /users/sign-in HTTP/1.1" 304 - "http://localhost:8001/users/sign-in" "Mozilla/5.0 (Windows NT 10.0; Win64; x64) AppleWebKit/537.36 (KHTML, like Gecko) Chrome/96.0.4664.110 Safari/537.36"
::1 - - [26/Dec/2021:12:29:05 +0000] "GET /users/sign-in HTTP/1.1" 304 - "http://localhost:8001/users/sign-in" "Mozilla/5.0 (Windows NT 10.0; Win64; x64) AppleWebKit/537.36 (KHTML, like Gecko) Chrome/96.0.4664.110 Safari/537.36"
::1 - - [26/Dec/2021:12:29:06 +0000] "GET /users/sign-in HTTP/1.1" 304 - "http://localhost:8001/users/sign-in" "Mozilla/5.0 (Windows NT 10.0; Win64; x64) AppleWebKit/537.36 (KHTML, like Gecko) Chrome/96.0.4664.110 Safari/537.36"
::1 - - [26/Dec/2021:12:29:06 +0000] "GET /users/sign-in HTTP/1.1" 304 - "http://localhost:8001/users/sign-in" "Mozilla/5.0 (Windows NT 10.0; Win64; x64) AppleWebKit/537.36 (KHTML, like Gecko) Chrome/96.0.4664.110 Safari/537.36"
::1 - - [26/Dec/2021:12:29:06 +0000] "GET /users/sign-in HTTP/1.1" 304 - "http://localhost:8001/users/sign-in" "Mozilla/5.0 (Windows NT 10.0; Win64; x64) AppleWebKit/537.36 (KHTML, like Gecko) Chrome/96.0.4664.110 Safari/537.36"
::1 - - [26/Dec/2021:12:29:07 +0000] "GET /users/sign-in HTTP/1.1" 304 - "http://localhost:8001/users/sign-in" "Mozilla/5.0 (Windows NT 10.0; Win64; x64) AppleWebKit/537.36 (KHTML, like Gecko) Chrome/96.0.4664.110 Safari/537.36"
::1 - - [26/Dec/2021:12:29:07 +0000] "GET /users/sign-in HTTP/1.1" 304 - "http://localhost:8001/users/sign-in" "Mozilla/5.0 (Windows NT 10.0; Win64; x64) AppleWebKit/537.36 (KHTML, like Gecko) Chrome/96.0.4664.110 Safari/537.36"
::1 - - [26/Dec/2021:12:29:08 +0000] "GET /users/sign-in HTTP/1.1" 304 - "http://localhost:8001/users/sign-in" "Mozilla/5.0 (Windows NT 10.0; Win64; x64) AppleWebKit/537.36 (KHTML, like Gecko) Chrome/96.0.4664.110 Safari/537.36"
::1 - - [26/Dec/2021:12:44:13 +0000] "GET / HTTP/1.1" 304 - "-" "Mozilla/5.0 (Windows NT 10.0; Win64; x64) AppleWebKit/537.36 (KHTML, like Gecko) Chrome/96.0.4664.110 Safari/537.36"
::1 - - [26/Dec/2021:12:44:19 +0000] "GET /users/sign-in HTTP/1.1" 304 - "http://localhost:8001/" "Mozilla/5.0 (Windows NT 10.0; Win64; x64) AppleWebKit/537.36 (KHTML, like Gecko) Chrome/96.0.4664.110 Safari/537.36"
::1 - - [26/Dec/2021:12:44:21 +0000] "GET /users/auth/google HTTP/1.1" 302 0 "http://localhost:8001/users/sign-in" "Mozilla/5.0 (Windows NT 10.0; Win64; x64) AppleWebKit/537.36 (KHTML, like Gecko) Chrome/96.0.4664.110 Safari/537.36"
::1 - - [26/Dec/2021:12:46:17 +0000] "GET / HTTP/1.1" 304 - "-" "Mozilla/5.0 (Windows NT 10.0; Win64; x64) AppleWebKit/537.36 (KHTML, like Gecko) Chrome/96.0.4664.110 Safari/537.36"
::1 - - [26/Dec/2021:12:46:20 +0000] "GET /users/sign-in HTTP/1.1" 304 - "http://localhost:8001/" "Mozilla/5.0 (Windows NT 10.0; Win64; x64) AppleWebKit/537.36 (KHTML, like Gecko) Chrome/96.0.4664.110 Safari/537.36"
::1 - - [26/Dec/2021:12:46:21 +0000] "GET /users/auth/google HTTP/1.1" 302 0 "http://localhost:8001/users/sign-in" "Mozilla/5.0 (Windows NT 10.0; Win64; x64) AppleWebKit/537.36 (KHTML, like Gecko) Chrome/96.0.4664.110 Safari/537.36"
::1 - - [26/Dec/2021:12:48:36 +0000] "GET / HTTP/1.1" 304 - "-" "Mozilla/5.0 (Windows NT 10.0; Win64; x64) AppleWebKit/537.36 (KHTML, like Gecko) Chrome/96.0.4664.110 Safari/537.36"
::1 - - [26/Dec/2021:12:48:38 +0000] "GET /users/sign-in HTTP/1.1" 304 - "http://localhost:8001/" "Mozilla/5.0 (Windows NT 10.0; Win64; x64) AppleWebKit/537.36 (KHTML, like Gecko) Chrome/96.0.4664.110 Safari/537.36"
::1 - - [26/Dec/2021:12:48:41 +0000] "GET /users/auth/google HTTP/1.1" 302 0 "http://localhost:8001/users/sign-in" "Mozilla/5.0 (Windows NT 10.0; Win64; x64) AppleWebKit/537.36 (KHTML, like Gecko) Chrome/96.0.4664.110 Safari/537.36"
::1 - - [26/Dec/2021:12:49:51 +0000] "GET / HTTP/1.1" 304 - "-" "Mozilla/5.0 (Windows NT 10.0; Win64; x64) AppleWebKit/537.36 (KHTML, like Gecko) Chrome/96.0.4664.110 Safari/537.36"
::1 - - [26/Dec/2021:12:50:00 +0000] "GET /users/sign-in HTTP/1.1" 304 - "http://localhost:8001/" "Mozilla/5.0 (Windows NT 10.0; Win64; x64) AppleWebKit/537.36 (KHTML, like Gecko) Chrome/96.0.4664.110 Safari/537.36"
::1 - - [26/Dec/2021:12:50:03 +0000] "GET /users/auth/google HTTP/1.1" 302 0 "http://localhost:8001/users/sign-in" "Mozilla/5.0 (Windows NT 10.0; Win64; x64) AppleWebKit/537.36 (KHTML, like Gecko) Chrome/96.0.4664.110 Safari/537.36"
::1 - - [26/Dec/2021:12:54:08 +0000] "GET / HTTP/1.1" 304 - "-" "Mozilla/5.0 (Windows NT 10.0; Win64; x64) AppleWebKit/537.36 (KHTML, like Gecko) Chrome/96.0.4664.110 Safari/537.36"
::1 - - [26/Dec/2021:12:54:15 +0000] "GET /users/sign-in HTTP/1.1" 304 - "http://localhost:8001/" "Mozilla/5.0 (Windows NT 10.0; Win64; x64) AppleWebKit/537.36 (KHTML, like Gecko) Chrome/96.0.4664.110 Safari/537.36"
::1 - - [26/Dec/2021:12:54:17 +0000] "GET /users/auth/google HTTP/1.1" 302 0 "http://localhost:8001/users/sign-in" "Mozilla/5.0 (Windows NT 10.0; Win64; x64) AppleWebKit/537.36 (KHTML, like Gecko) Chrome/96.0.4664.110 Safari/537.36"
::1 - - [26/Dec/2021:12:55:41 +0000] "GET / HTTP/1.1" 304 - "-" "Mozilla/5.0 (Windows NT 10.0; Win64; x64) AppleWebKit/537.36 (KHTML, like Gecko) Chrome/96.0.4664.110 Safari/537.36"
::1 - - [26/Dec/2021:12:55:44 +0000] "GET /users/sign-in HTTP/1.1" 304 - "http://localhost:8001/" "Mozilla/5.0 (Windows NT 10.0; Win64; x64) AppleWebKit/537.36 (KHTML, like Gecko) Chrome/96.0.4664.110 Safari/537.36"
::1 - - [26/Dec/2021:12:55:45 +0000] "GET /users/auth/google HTTP/1.1" 302 0 "http://localhost:8001/users/sign-in" "Mozilla/5.0 (Windows NT 10.0; Win64; x64) AppleWebKit/537.36 (KHTML, like Gecko) Chrome/96.0.4664.110 Safari/537.36"
::1 - - [26/Dec/2021:13:01:51 +0000] "GET / HTTP/1.1" 304 - "-" "Mozilla/5.0 (Windows NT 10.0; Win64; x64) AppleWebKit/537.36 (KHTML, like Gecko) Chrome/96.0.4664.110 Safari/537.36"
::1 - - [26/Dec/2021:13:01:51 +0000] "GET /favicon.ico HTTP/1.1" 404 150 "http://localhost:8001/" "Mozilla/5.0 (Windows NT 10.0; Win64; x64) AppleWebKit/537.36 (KHTML, like Gecko) Chrome/96.0.4664.110 Safari/537.36"
::1 - - [26/Dec/2021:13:01:53 +0000] "GET /users/sign-in HTTP/1.1" 304 - "http://localhost:8001/" "Mozilla/5.0 (Windows NT 10.0; Win64; x64) AppleWebKit/537.36 (KHTML, like Gecko) Chrome/96.0.4664.110 Safari/537.36"
::1 - - [26/Dec/2021:13:01:54 +0000] "GET /users/auth/google HTTP/1.1" 302 0 "http://localhost:8001/users/sign-in" "Mozilla/5.0 (Windows NT 10.0; Win64; x64) AppleWebKit/537.36 (KHTML, like Gecko) Chrome/96.0.4664.110 Safari/537.36"
::1 - - [26/Dec/2021:13:07:47 +0000] "GET / HTTP/1.1" 304 - "-" "Mozilla/5.0 (Windows NT 10.0; Win64; x64) AppleWebKit/537.36 (KHTML, like Gecko) Chrome/96.0.4664.110 Safari/537.36"
::1 - - [26/Dec/2021:13:07:52 +0000] "GET /users/sign-in HTTP/1.1" 304 - "http://localhost:8001/" "Mozilla/5.0 (Windows NT 10.0; Win64; x64) AppleWebKit/537.36 (KHTML, like Gecko) Chrome/96.0.4664.110 Safari/537.36"
::1 - - [26/Dec/2021:13:07:59 +0000] "GET /users/auth/google HTTP/1.1" 302 0 "http://localhost:8001/users/sign-in" "Mozilla/5.0 (Windows NT 10.0; Win64; x64) AppleWebKit/537.36 (KHTML, like Gecko) Chrome/96.0.4664.110 Safari/537.36"
::1 - - [26/Dec/2021:13:12:25 +0000] "GET / HTTP/1.1" 304 - "-" "Mozilla/5.0 (Windows NT 10.0; Win64; x64) AppleWebKit/537.36 (KHTML, like Gecko) Chrome/96.0.4664.110 Safari/537.36"
::1 - - [26/Dec/2021:13:12:27 +0000] "GET /users/sign-in HTTP/1.1" 304 - "http://localhost:8001/" "Mozilla/5.0 (Windows NT 10.0; Win64; x64) AppleWebKit/537.36 (KHTML, like Gecko) Chrome/96.0.4664.110 Safari/537.36"
::1 - - [26/Dec/2021:13:12:28 +0000] "GET /users/auth/google HTTP/1.1" 302 0 "http://localhost:8001/users/sign-in" "Mozilla/5.0 (Windows NT 10.0; Win64; x64) AppleWebKit/537.36 (KHTML, like Gecko) Chrome/96.0.4664.110 Safari/537.36"
::1 - - [26/Dec/2021:13:15:58 +0000] "GET / HTTP/1.1" 304 - "-" "Mozilla/5.0 (Windows NT 10.0; Win64; x64) AppleWebKit/537.36 (KHTML, like Gecko) Chrome/96.0.4664.110 Safari/537.36"
::1 - - [26/Dec/2021:13:16:01 +0000] "GET /users/sign-in HTTP/1.1" 304 - "http://localhost:8001/" "Mozilla/5.0 (Windows NT 10.0; Win64; x64) AppleWebKit/537.36 (KHTML, like Gecko) Chrome/96.0.4664.110 Safari/537.36"
::1 - - [26/Dec/2021:13:16:03 +0000] "GET /users/auth/google HTTP/1.1" 302 0 "http://localhost:8001/users/sign-in" "Mozilla/5.0 (Windows NT 10.0; Win64; x64) AppleWebKit/537.36 (KHTML, like Gecko) Chrome/96.0.4664.110 Safari/537.36"
::1 - - [26/Dec/2021:13:41:05 +0000] "GET / HTTP/1.1" 304 - "-" "Mozilla/5.0 (Windows NT 10.0; Win64; x64) AppleWebKit/537.36 (KHTML, like Gecko) Chrome/96.0.4664.110 Safari/537.36"
::1 - - [26/Dec/2021:13:41:08 +0000] "GET /users/sign-in HTTP/1.1" 304 - "http://localhost:8001/" "Mozilla/5.0 (Windows NT 10.0; Win64; x64) AppleWebKit/537.36 (KHTML, like Gecko) Chrome/96.0.4664.110 Safari/537.36"
::1 - - [26/Dec/2021:13:41:10 +0000] "GET /users/auth/google HTTP/1.1" 302 0 "http://localhost:8001/users/sign-in" "Mozilla/5.0 (Windows NT 10.0; Win64; x64) AppleWebKit/537.36 (KHTML, like Gecko) Chrome/96.0.4664.110 Safari/537.36"
::1 - - [26/Dec/2021:13:43:04 +0000] "POST /users/create-session HTTP/1.1" 302 72 "http://localhost:8001/users/sign-in" "Mozilla/5.0 (Windows NT 10.0; Win64; x64) AppleWebKit/537.36 (KHTML, like Gecko) Chrome/96.0.4664.110 Safari/537.36"
::1 - - [26/Dec/2021:13:43:04 +0000] "GET /users/sign-in HTTP/1.1" 200 2496 "http://localhost:8001/users/sign-in" "Mozilla/5.0 (Windows NT 10.0; Win64; x64) AppleWebKit/537.36 (KHTML, like Gecko) Chrome/96.0.4664.110 Safari/537.36"
::1 - - [26/Dec/2021:13:43:18 +0000] "POST /users/create-session HTTP/1.1" 302 72 "http://localhost:8001/users/sign-in" "Mozilla/5.0 (Windows NT 10.0; Win64; x64) AppleWebKit/537.36 (KHTML, like Gecko) Chrome/96.0.4664.110 Safari/537.36"
::1 - - [26/Dec/2021:13:43:18 +0000] "GET /users/sign-in HTTP/1.1" 304 - "http://localhost:8001/users/sign-in" "Mozilla/5.0 (Windows NT 10.0; Win64; x64) AppleWebKit/537.36 (KHTML, like Gecko) Chrome/96.0.4664.110 Safari/537.36"
::1 - - [26/Dec/2021:13:43:21 +0000] "GET /users/auth/google HTTP/1.1" 302 0 "http://localhost:8001/users/sign-in" "Mozilla/5.0 (Windows NT 10.0; Win64; x64) AppleWebKit/537.36 (KHTML, like Gecko) Chrome/96.0.4664.110 Safari/537.36"
::1 - - [26/Dec/2021:13:44:41 +0000] "POST /users/create-session HTTP/1.1" 302 72 "http://localhost:8001/users/sign-in" "Mozilla/5.0 (Windows NT 10.0; Win64; x64) AppleWebKit/537.36 (KHTML, like Gecko) Chrome/96.0.4664.110 Safari/537.36"
::1 - - [26/Dec/2021:13:44:41 +0000] "GET /users/sign-in HTTP/1.1" 304 - "http://localhost:8001/users/sign-in" "Mozilla/5.0 (Windows NT 10.0; Win64; x64) AppleWebKit/537.36 (KHTML, like Gecko) Chrome/96.0.4664.110 Safari/537.36"
::1 - - [26/Dec/2021:13:45:01 +0000] "POST /users/create-session HTTP/1.1" 302 72 "http://localhost:8001/users/sign-in" "Mozilla/5.0 (Windows NT 10.0; Win64; x64) AppleWebKit/537.36 (KHTML, like Gecko) Chrome/96.0.4664.110 Safari/537.36"
::1 - - [26/Dec/2021:13:45:01 +0000] "GET /users/sign-in HTTP/1.1" 304 - "http://localhost:8001/users/sign-in" "Mozilla/5.0 (Windows NT 10.0; Win64; x64) AppleWebKit/537.36 (KHTML, like Gecko) Chrome/96.0.4664.110 Safari/537.36"
::1 - - [26/Dec/2021:13:45:02 +0000] "POST /users/create-session HTTP/1.1" 302 72 "http://localhost:8001/users/sign-in" "Mozilla/5.0 (Windows NT 10.0; Win64; x64) AppleWebKit/537.36 (KHTML, like Gecko) Chrome/96.0.4664.110 Safari/537.36"
::1 - - [26/Dec/2021:13:45:02 +0000] "GET /users/sign-in HTTP/1.1" 304 - "http://localhost:8001/users/sign-in" "Mozilla/5.0 (Windows NT 10.0; Win64; x64) AppleWebKit/537.36 (KHTML, like Gecko) Chrome/96.0.4664.110 Safari/537.36"
::1 - - [26/Dec/2021:13:45:02 +0000] "POST /users/create-session HTTP/1.1" 302 72 "http://localhost:8001/users/sign-in" "Mozilla/5.0 (Windows NT 10.0; Win64; x64) AppleWebKit/537.36 (KHTML, like Gecko) Chrome/96.0.4664.110 Safari/537.36"
::1 - - [26/Dec/2021:13:45:02 +0000] "GET /users/sign-in HTTP/1.1" 304 - "http://localhost:8001/users/sign-in" "Mozilla/5.0 (Windows NT 10.0; Win64; x64) AppleWebKit/537.36 (KHTML, like Gecko) Chrome/96.0.4664.110 Safari/537.36"
::1 - - [26/Dec/2021:13:45:03 +0000] "POST /users/create-session HTTP/1.1" 302 72 "http://localhost:8001/users/sign-in" "Mozilla/5.0 (Windows NT 10.0; Win64; x64) AppleWebKit/537.36 (KHTML, like Gecko) Chrome/96.0.4664.110 Safari/537.36"
::1 - - [26/Dec/2021:13:45:03 +0000] "GET /users/sign-in HTTP/1.1" 304 - "http://localhost:8001/users/sign-in" "Mozilla/5.0 (Windows NT 10.0; Win64; x64) AppleWebKit/537.36 (KHTML, like Gecko) Chrome/96.0.4664.110 Safari/537.36"
::1 - - [26/Dec/2021:13:45:03 +0000] "POST /users/create-session HTTP/1.1" 302 72 "http://localhost:8001/users/sign-in" "Mozilla/5.0 (Windows NT 10.0; Win64; x64) AppleWebKit/537.36 (KHTML, like Gecko) Chrome/96.0.4664.110 Safari/537.36"
::1 - - [26/Dec/2021:13:45:03 +0000] "GET /users/sign-in HTTP/1.1" 304 - "http://localhost:8001/users/sign-in" "Mozilla/5.0 (Windows NT 10.0; Win64; x64) AppleWebKit/537.36 (KHTML, like Gecko) Chrome/96.0.4664.110 Safari/537.36"
::1 - - [26/Dec/2021:13:45:10 +0000] "GET /users/sign-in HTTP/1.1" 200 2259 "http://localhost:8001/users/sign-in" "Mozilla/5.0 (Windows NT 10.0; Win64; x64) AppleWebKit/537.36 (KHTML, like Gecko) Chrome/96.0.4664.110 Safari/537.36"
::1 - - [26/Dec/2021:13:45:11 +0000] "GET /users/sign-in HTTP/1.1" 304 - "http://localhost:8001/users/sign-in" "Mozilla/5.0 (Windows NT 10.0; Win64; x64) AppleWebKit/537.36 (KHTML, like Gecko) Chrome/96.0.4664.110 Safari/537.36"
::1 - - [26/Dec/2021:13:45:11 +0000] "GET /users/sign-in HTTP/1.1" 304 - "http://localhost:8001/users/sign-in" "Mozilla/5.0 (Windows NT 10.0; Win64; x64) AppleWebKit/537.36 (KHTML, like Gecko) Chrome/96.0.4664.110 Safari/537.36"
::1 - - [26/Dec/2021:13:45:12 +0000] "GET /users/sign-in HTTP/1.1" 304 - "http://localhost:8001/users/sign-in" "Mozilla/5.0 (Windows NT 10.0; Win64; x64) AppleWebKit/537.36 (KHTML, like Gecko) Chrome/96.0.4664.110 Safari/537.36"
::1 - - [26/Dec/2021:13:45:53 +0000] "POST /users/create-session HTTP/1.1" 302 72 "http://localhost:8001/users/sign-in" "Mozilla/5.0 (Windows NT 10.0; Win64; x64) AppleWebKit/537.36 (KHTML, like Gecko) Chrome/96.0.4664.110 Safari/537.36"
::1 - - [26/Dec/2021:13:45:53 +0000] "GET /users/sign-in HTTP/1.1" 200 2496 "http://localhost:8001/users/sign-in" "Mozilla/5.0 (Windows NT 10.0; Win64; x64) AppleWebKit/537.36 (KHTML, like Gecko) Chrome/96.0.4664.110 Safari/537.36"
::1 - - [26/Dec/2021:13:45:57 +0000] "GET /users/sign-in HTTP/1.1" 200 2259 "http://localhost:8001/users/sign-in" "Mozilla/5.0 (Windows NT 10.0; Win64; x64) AppleWebKit/537.36 (KHTML, like Gecko) Chrome/96.0.4664.110 Safari/537.36"
::1 - - [26/Dec/2021:13:45:58 +0000] "GET /users/sign-in HTTP/1.1" 304 - "http://localhost:8001/users/sign-in" "Mozilla/5.0 (Windows NT 10.0; Win64; x64) AppleWebKit/537.36 (KHTML, like Gecko) Chrome/96.0.4664.110 Safari/537.36"
::1 - - [26/Dec/2021:13:45:58 +0000] "GET /users/sign-in HTTP/1.1" 304 - "http://localhost:8001/users/sign-in" "Mozilla/5.0 (Windows NT 10.0; Win64; x64) AppleWebKit/537.36 (KHTML, like Gecko) Chrome/96.0.4664.110 Safari/537.36"
::1 - - [26/Dec/2021:13:45:58 +0000] "GET /users/sign-in HTTP/1.1" 304 - "http://localhost:8001/users/sign-in" "Mozilla/5.0 (Windows NT 10.0; Win64; x64) AppleWebKit/537.36 (KHTML, like Gecko) Chrome/96.0.4664.110 Safari/537.36"
::1 - - [26/Dec/2021:13:46:12 +0000] "POST /users/create-session HTTP/1.1" 302 72 "http://localhost:8001/users/sign-in" "Mozilla/5.0 (Windows NT 10.0; Win64; x64) AppleWebKit/537.36 (KHTML, like Gecko) Chrome/96.0.4664.110 Safari/537.36"
::1 - - [26/Dec/2021:13:46:12 +0000] "GET /users/sign-in HTTP/1.1" 200 2496 "http://localhost:8001/users/sign-in" "Mozilla/5.0 (Windows NT 10.0; Win64; x64) AppleWebKit/537.36 (KHTML, like Gecko) Chrome/96.0.4664.110 Safari/537.36"
::1 - - [26/Dec/2021:13:46:13 +0000] "POST /users/create-session HTTP/1.1" 302 72 "http://localhost:8001/users/sign-in" "Mozilla/5.0 (Windows NT 10.0; Win64; x64) AppleWebKit/537.36 (KHTML, like Gecko) Chrome/96.0.4664.110 Safari/537.36"
::1 - - [26/Dec/2021:13:46:13 +0000] "GET /users/sign-in HTTP/1.1" 304 - "http://localhost:8001/users/sign-in" "Mozilla/5.0 (Windows NT 10.0; Win64; x64) AppleWebKit/537.36 (KHTML, like Gecko) Chrome/96.0.4664.110 Safari/537.36"
::1 - - [26/Dec/2021:13:46:13 +0000] "POST /users/create-session HTTP/1.1" 302 72 "http://localhost:8001/users/sign-in" "Mozilla/5.0 (Windows NT 10.0; Win64; x64) AppleWebKit/537.36 (KHTML, like Gecko) Chrome/96.0.4664.110 Safari/537.36"
::1 - - [26/Dec/2021:13:46:13 +0000] "GET /users/sign-in HTTP/1.1" 304 - "http://localhost:8001/users/sign-in" "Mozilla/5.0 (Windows NT 10.0; Win64; x64) AppleWebKit/537.36 (KHTML, like Gecko) Chrome/96.0.4664.110 Safari/537.36"
::1 - - [26/Dec/2021:13:46:15 +0000] "GET /users/auth/google HTTP/1.1" 302 0 "http://localhost:8001/users/sign-in" "Mozilla/5.0 (Windows NT 10.0; Win64; x64) AppleWebKit/537.36 (KHTML, like Gecko) Chrome/96.0.4664.110 Safari/537.36"
::1 - - [26/Dec/2021:13:46:15 +0000] "GET /users/auth/google HTTP/1.1" 302 0 "http://localhost:8001/users/sign-in" "Mozilla/5.0 (Windows NT 10.0; Win64; x64) AppleWebKit/537.36 (KHTML, like Gecko) Chrome/96.0.4664.110 Safari/537.36"
::1 - - [26/Dec/2021:13:46:15 +0000] "GET /users/auth/google HTTP/1.1" 302 0 "http://localhost:8001/users/sign-in" "Mozilla/5.0 (Windows NT 10.0; Win64; x64) AppleWebKit/537.36 (KHTML, like Gecko) Chrome/96.0.4664.110 Safari/537.36"
::1 - - [26/Dec/2021:13:46:16 +0000] "GET /users/auth/google HTTP/1.1" 302 0 "http://localhost:8001/users/sign-in" "Mozilla/5.0 (Windows NT 10.0; Win64; x64) AppleWebKit/537.36 (KHTML, like Gecko) Chrome/96.0.4664.110 Safari/537.36"
::1 - - [26/Dec/2021:13:46:16 +0000] "GET /users/auth/google HTTP/1.1" 302 0 "http://localhost:8001/users/sign-in" "Mozilla/5.0 (Windows NT 10.0; Win64; x64) AppleWebKit/537.36 (KHTML, like Gecko) Chrome/96.0.4664.110 Safari/537.36"
::1 - - [26/Dec/2021:17:01:22 +0000] "GET / HTTP/1.1" 200 3080 "-" "Mozilla/5.0 (Windows NT 10.0; Win64; x64) AppleWebKit/537.36 (KHTML, like Gecko) Chrome/96.0.4664.110 Safari/537.36"
::1 - - [26/Dec/2021:17:01:23 +0000] "GET /favicon.ico HTTP/1.1" 404 150 "http://localhost:8001/" "Mozilla/5.0 (Windows NT 10.0; Win64; x64) AppleWebKit/537.36 (KHTML, like Gecko) Chrome/96.0.4664.110 Safari/537.36"
::1 - - [26/Dec/2021:17:01:26 +0000] "GET /users/sign-in HTTP/1.1" 200 2259 "http://localhost:8001/" "Mozilla/5.0 (Windows NT 10.0; Win64; x64) AppleWebKit/537.36 (KHTML, like Gecko) Chrome/96.0.4664.110 Safari/537.36"
::1 - - [26/Dec/2021:17:01:30 +0000] "GET /users/auth/google HTTP/1.1" 302 0 "http://localhost:8001/users/sign-in" "Mozilla/5.0 (Windows NT 10.0; Win64; x64) AppleWebKit/537.36 (KHTML, like Gecko) Chrome/96.0.4664.110 Safari/537.36"
::1 - - [26/Dec/2021:17:02:54 +0000] "POST /users/create-session HTTP/1.1" 302 72 "http://localhost:8001/users/sign-in" "Mozilla/5.0 (Windows NT 10.0; Win64; x64) AppleWebKit/537.36 (KHTML, like Gecko) Chrome/96.0.4664.110 Safari/537.36"
::1 - - [26/Dec/2021:17:02:54 +0000] "GET /users/sign-in HTTP/1.1" 200 2496 "http://localhost:8001/users/sign-in" "Mozilla/5.0 (Windows NT 10.0; Win64; x64) AppleWebKit/537.36 (KHTML, like Gecko) Chrome/96.0.4664.110 Safari/537.36"
::1 - - [26/Dec/2021:17:03:55 +0000] "POST /users/create-session HTTP/1.1" 302 72 "http://localhost:8001/users/sign-in" "Mozilla/5.0 (Windows NT 10.0; Win64; x64) AppleWebKit/537.36 (KHTML, like Gecko) Chrome/96.0.4664.110 Safari/537.36"
::1 - - [26/Dec/2021:17:03:55 +0000] "GET /users/sign-in HTTP/1.1" 304 - "http://localhost:8001/users/sign-in" "Mozilla/5.0 (Windows NT 10.0; Win64; x64) AppleWebKit/537.36 (KHTML, like Gecko) Chrome/96.0.4664.110 Safari/537.36"
::1 - - [26/Dec/2021:17:04:01 +0000] "GET /users/sign-in HTTP/1.1" 200 2259 "http://localhost:8001/users/sign-in" "Mozilla/5.0 (Windows NT 10.0; Win64; x64) AppleWebKit/537.36 (KHTML, like Gecko) Chrome/96.0.4664.110 Safari/537.36"
::1 - - [26/Dec/2021:17:04:03 +0000] "GET /users/sign-in HTTP/1.1" 304 - "http://localhost:8001/users/sign-in" "Mozilla/5.0 (Windows NT 10.0; Win64; x64) AppleWebKit/537.36 (KHTML, like Gecko) Chrome/96.0.4664.110 Safari/537.36"
::1 - - [26/Dec/2021:17:04:04 +0000] "GET /users/sign-in HTTP/1.1" 304 - "http://localhost:8001/users/sign-in" "Mozilla/5.0 (Windows NT 10.0; Win64; x64) AppleWebKit/537.36 (KHTML, like Gecko) Chrome/96.0.4664.110 Safari/537.36"
::1 - - [26/Dec/2021:17:04:05 +0000] "GET /users/sign-in HTTP/1.1" 304 - "http://localhost:8001/users/sign-in" "Mozilla/5.0 (Windows NT 10.0; Win64; x64) AppleWebKit/537.36 (KHTML, like Gecko) Chrome/96.0.4664.110 Safari/537.36"
::1 - - [26/Dec/2021:17:22:26 +0000] "GET /users/sign-in HTTP/1.1" 304 - "http://localhost:8001/users/sign-in" "Mozilla/5.0 (Windows NT 10.0; Win64; x64) AppleWebKit/537.36 (KHTML, like Gecko) Chrome/96.0.4664.110 Safari/537.36"
::1 - - [26/Dec/2021:17:22:28 +0000] "GET /users/auth/google HTTP/1.1" 302 0 "http://localhost:8001/users/sign-in" "Mozilla/5.0 (Windows NT 10.0; Win64; x64) AppleWebKit/537.36 (KHTML, like Gecko) Chrome/96.0.4664.110 Safari/537.36"
::1 - - [26/Dec/2021:17:26:25 +0000] "GET / HTTP/1.1" 304 - "-" "Mozilla/5.0 (Windows NT 10.0; Win64; x64) AppleWebKit/537.36 (KHTML, like Gecko) Chrome/96.0.4664.110 Safari/537.36"
::1 - - [26/Dec/2021:17:26:29 +0000] "GET /users/sign-in HTTP/1.1" 304 - "http://localhost:8001/" "Mozilla/5.0 (Windows NT 10.0; Win64; x64) AppleWebKit/537.36 (KHTML, like Gecko) Chrome/96.0.4664.110 Safari/537.36"
::1 - - [26/Dec/2021:17:26:32 +0000] "GET /users/auth/google HTTP/1.1" 302 0 "http://localhost:8001/users/sign-in" "Mozilla/5.0 (Windows NT 10.0; Win64; x64) AppleWebKit/537.36 (KHTML, like Gecko) Chrome/96.0.4664.110 Safari/537.36"
::1 - - [26/Dec/2021:17:27:16 +0000] "GET / HTTP/1.1" 304 - "-" "Mozilla/5.0 (Windows NT 10.0; Win64; x64) AppleWebKit/537.36 (KHTML, like Gecko) Chrome/96.0.4664.110 Safari/537.36"
::1 - - [26/Dec/2021:17:27:19 +0000] "GET /users/sign-in HTTP/1.1" 304 - "http://localhost:8001/" "Mozilla/5.0 (Windows NT 10.0; Win64; x64) AppleWebKit/537.36 (KHTML, like Gecko) Chrome/96.0.4664.110 Safari/537.36"
::1 - - [26/Dec/2021:17:27:25 +0000] "GET /users/auth/google HTTP/1.1" 302 0 "http://localhost:8001/users/sign-in" "Mozilla/5.0 (Windows NT 10.0; Win64; x64) AppleWebKit/537.36 (KHTML, like Gecko) Chrome/96.0.4664.110 Safari/537.36"
::1 - - [26/Dec/2021:17:27:34 +0000] "POST /users/create-session HTTP/1.1" 302 72 "http://localhost:8001/users/sign-in" "Mozilla/5.0 (Windows NT 10.0; Win64; x64) AppleWebKit/537.36 (KHTML, like Gecko) Chrome/96.0.4664.110 Safari/537.36"
::1 - - [26/Dec/2021:17:27:34 +0000] "GET /users/sign-in HTTP/1.1" 200 2496 "http://localhost:8001/users/sign-in" "Mozilla/5.0 (Windows NT 10.0; Win64; x64) AppleWebKit/537.36 (KHTML, like Gecko) Chrome/96.0.4664.110 Safari/537.36"
::1 - - [26/Dec/2021:17:27:35 +0000] "POST /users/create-session HTTP/1.1" 302 72 "http://localhost:8001/users/sign-in" "Mozilla/5.0 (Windows NT 10.0; Win64; x64) AppleWebKit/537.36 (KHTML, like Gecko) Chrome/96.0.4664.110 Safari/537.36"
::1 - - [26/Dec/2021:17:27:35 +0000] "GET /users/sign-in HTTP/1.1" 304 - "http://localhost:8001/users/sign-in" "Mozilla/5.0 (Windows NT 10.0; Win64; x64) AppleWebKit/537.36 (KHTML, like Gecko) Chrome/96.0.4664.110 Safari/537.36"
::1 - - [26/Dec/2021:17:27:35 +0000] "POST /users/create-session HTTP/1.1" 302 72 "http://localhost:8001/users/sign-in" "Mozilla/5.0 (Windows NT 10.0; Win64; x64) AppleWebKit/537.36 (KHTML, like Gecko) Chrome/96.0.4664.110 Safari/537.36"
::1 - - [26/Dec/2021:17:27:35 +0000] "GET /users/sign-in HTTP/1.1" 304 - "http://localhost:8001/users/sign-in" "Mozilla/5.0 (Windows NT 10.0; Win64; x64) AppleWebKit/537.36 (KHTML, like Gecko) Chrome/96.0.4664.110 Safari/537.36"
::1 - - [26/Dec/2021:17:27:36 +0000] "POST /users/create-session HTTP/1.1" 302 72 "http://localhost:8001/users/sign-in" "Mozilla/5.0 (Windows NT 10.0; Win64; x64) AppleWebKit/537.36 (KHTML, like Gecko) Chrome/96.0.4664.110 Safari/537.36"
::1 - - [26/Dec/2021:17:27:36 +0000] "GET /users/sign-in HTTP/1.1" 304 - "http://localhost:8001/users/sign-in" "Mozilla/5.0 (Windows NT 10.0; Win64; x64) AppleWebKit/537.36 (KHTML, like Gecko) Chrome/96.0.4664.110 Safari/537.36"
::1 - - [26/Dec/2021:17:27:36 +0000] "POST /users/create-session HTTP/1.1" 302 72 "http://localhost:8001/users/sign-in" "Mozilla/5.0 (Windows NT 10.0; Win64; x64) AppleWebKit/537.36 (KHTML, like Gecko) Chrome/96.0.4664.110 Safari/537.36"
::1 - - [26/Dec/2021:17:27:36 +0000] "GET /users/sign-in HTTP/1.1" 304 - "http://localhost:8001/users/sign-in" "Mozilla/5.0 (Windows NT 10.0; Win64; x64) AppleWebKit/537.36 (KHTML, like Gecko) Chrome/96.0.4664.110 Safari/537.36"
::1 - - [26/Dec/2021:17:27:37 +0000] "POST /users/create-session HTTP/1.1" 302 72 "http://localhost:8001/users/sign-in" "Mozilla/5.0 (Windows NT 10.0; Win64; x64) AppleWebKit/537.36 (KHTML, like Gecko) Chrome/96.0.4664.110 Safari/537.36"
::1 - - [26/Dec/2021:17:27:37 +0000] "GET /users/sign-in HTTP/1.1" 304 - "http://localhost:8001/users/sign-in" "Mozilla/5.0 (Windows NT 10.0; Win64; x64) AppleWebKit/537.36 (KHTML, like Gecko) Chrome/96.0.4664.110 Safari/537.36"
::1 - - [26/Dec/2021:17:27:38 +0000] "POST /users/create-session HTTP/1.1" 302 72 "http://localhost:8001/users/sign-in" "Mozilla/5.0 (Windows NT 10.0; Win64; x64) AppleWebKit/537.36 (KHTML, like Gecko) Chrome/96.0.4664.110 Safari/537.36"
::1 - - [26/Dec/2021:17:27:38 +0000] "GET /users/sign-in HTTP/1.1" 304 - "http://localhost:8001/users/sign-in" "Mozilla/5.0 (Windows NT 10.0; Win64; x64) AppleWebKit/537.36 (KHTML, like Gecko) Chrome/96.0.4664.110 Safari/537.36"
::1 - - [26/Dec/2021:17:27:44 +0000] "GET /users/sign-in HTTP/1.1" 200 2259 "http://localhost:8001/users/sign-in" "Mozilla/5.0 (Windows NT 10.0; Win64; x64) AppleWebKit/537.36 (KHTML, like Gecko) Chrome/96.0.4664.110 Safari/537.36"
::1 - - [26/Dec/2021:17:27:45 +0000] "GET /users/sign-in HTTP/1.1" 304 - "http://localhost:8001/users/sign-in" "Mozilla/5.0 (Windows NT 10.0; Win64; x64) AppleWebKit/537.36 (KHTML, like Gecko) Chrome/96.0.4664.110 Safari/537.36"
::1 - - [26/Dec/2021:17:27:45 +0000] "GET /users/sign-in HTTP/1.1" 304 - "http://localhost:8001/users/sign-in" "Mozilla/5.0 (Windows NT 10.0; Win64; x64) AppleWebKit/537.36 (KHTML, like Gecko) Chrome/96.0.4664.110 Safari/537.36"
::1 - - [26/Dec/2021:17:27:47 +0000] "GET /users/auth/google HTTP/1.1" 302 0 "http://localhost:8001/users/sign-in" "Mozilla/5.0 (Windows NT 10.0; Win64; x64) AppleWebKit/537.36 (KHTML, like Gecko) Chrome/96.0.4664.110 Safari/537.36"
::1 - - [26/Dec/2021:17:27:47 +0000] "GET /users/auth/google HTTP/1.1" 302 0 "http://localhost:8001/users/sign-in" "Mozilla/5.0 (Windows NT 10.0; Win64; x64) AppleWebKit/537.36 (KHTML, like Gecko) Chrome/96.0.4664.110 Safari/537.36"
::1 - - [26/Dec/2021:17:27:47 +0000] "GET /users/auth/google HTTP/1.1" 302 0 "http://localhost:8001/users/sign-in" "Mozilla/5.0 (Windows NT 10.0; Win64; x64) AppleWebKit/537.36 (KHTML, like Gecko) Chrome/96.0.4664.110 Safari/537.36"
::1 - - [26/Dec/2021:17:27:48 +0000] "GET /users/auth/google HTTP/1.1" 302 0 "http://localhost:8001/users/sign-in" "Mozilla/5.0 (Windows NT 10.0; Win64; x64) AppleWebKit/537.36 (KHTML, like Gecko) Chrome/96.0.4664.110 Safari/537.36"
::1 - - [26/Dec/2021:17:27:48 +0000] "GET /users/auth/google HTTP/1.1" 302 0 "http://localhost:8001/users/sign-in" "Mozilla/5.0 (Windows NT 10.0; Win64; x64) AppleWebKit/537.36 (KHTML, like Gecko) Chrome/96.0.4664.110 Safari/537.36"
::1 - - [26/Dec/2021:17:27:48 +0000] "GET /users/auth/google HTTP/1.1" 302 0 "http://localhost:8001/users/sign-in" "Mozilla/5.0 (Windows NT 10.0; Win64; x64) AppleWebKit/537.36 (KHTML, like Gecko) Chrome/96.0.4664.110 Safari/537.36"
::1 - - [26/Dec/2021:17:34:11 +0000] "GET / HTTP/1.1" 304 - "-" "Mozilla/5.0 (Windows NT 10.0; Win64; x64) AppleWebKit/537.36 (KHTML, like Gecko) Chrome/96.0.4664.110 Safari/537.36"
::1 - - [26/Dec/2021:17:34:13 +0000] "GET /favicon.ico HTTP/1.1" 404 150 "http://localhost:8001/" "Mozilla/5.0 (Windows NT 10.0; Win64; x64) AppleWebKit/537.36 (KHTML, like Gecko) Chrome/96.0.4664.110 Safari/537.36"
::1 - - [26/Dec/2021:17:34:16 +0000] "GET /users/sign-in HTTP/1.1" 304 - "http://localhost:8001/" "Mozilla/5.0 (Windows NT 10.0; Win64; x64) AppleWebKit/537.36 (KHTML, like Gecko) Chrome/96.0.4664.110 Safari/537.36"
::1 - - [26/Dec/2021:17:34:18 +0000] "POST /users/create-session HTTP/1.1" 302 72 "http://localhost:8001/users/sign-in" "Mozilla/5.0 (Windows NT 10.0; Win64; x64) AppleWebKit/537.36 (KHTML, like Gecko) Chrome/96.0.4664.110 Safari/537.36"
::1 - - [26/Dec/2021:17:34:18 +0000] "GET /users/sign-in HTTP/1.1" 200 2496 "http://localhost:8001/users/sign-in" "Mozilla/5.0 (Windows NT 10.0; Win64; x64) AppleWebKit/537.36 (KHTML, like Gecko) Chrome/96.0.4664.110 Safari/537.36"
::1 - - [26/Dec/2021:17:34:20 +0000] "GET /users/auth/google HTTP/1.1" 302 0 "http://localhost:8001/users/sign-in" "Mozilla/5.0 (Windows NT 10.0; Win64; x64) AppleWebKit/537.36 (KHTML, like Gecko) Chrome/96.0.4664.110 Safari/537.36"
::1 - - [26/Dec/2021:17:58:14 +0000] "GET / HTTP/1.1" 200 3080 "-" "Mozilla/5.0 (Windows NT 10.0; Win64; x64) AppleWebKit/537.36 (KHTML, like Gecko) Chrome/96.0.4664.110 Safari/537.36"
::1 - - [26/Dec/2021:17:58:14 +0000] "GET /favicon.ico HTTP/1.1" 404 150 "http://localhost:8001/" "Mozilla/5.0 (Windows NT 10.0; Win64; x64) AppleWebKit/537.36 (KHTML, like Gecko) Chrome/96.0.4664.110 Safari/537.36"
::1 - - [26/Dec/2021:17:58:16 +0000] "GET /users/sign-up HTTP/1.1" 200 2420 "http://localhost:8001/" "Mozilla/5.0 (Windows NT 10.0; Win64; x64) AppleWebKit/537.36 (KHTML, like Gecko) Chrome/96.0.4664.110 Safari/537.36"
::1 - - [26/Dec/2021:17:58:29 +0000] "POST /users/create HTTP/1.1" 302 72 "http://localhost:8001/users/sign-up" "Mozilla/5.0 (Windows NT 10.0; Win64; x64) AppleWebKit/537.36 (KHTML, like Gecko) Chrome/96.0.4664.110 Safari/537.36"
::1 - - [26/Dec/2021:17:58:29 +0000] "GET /users/sign-in HTTP/1.1" 200 2261 "http://localhost:8001/users/sign-up" "Mozilla/5.0 (Windows NT 10.0; Win64; x64) AppleWebKit/537.36 (KHTML, like Gecko) Chrome/96.0.4664.110 Safari/537.36"
::1 - - [26/Dec/2021:17:58:47 +0000] "POST /users/create-session HTTP/1.1" 302 46 "http://localhost:8001/users/sign-in" "Mozilla/5.0 (Windows NT 10.0; Win64; x64) AppleWebKit/537.36 (KHTML, like Gecko) Chrome/96.0.4664.110 Safari/537.36"
::1 - - [26/Dec/2021:17:58:47 +0000] "GET / HTTP/1.1" 200 4134 "http://localhost:8001/users/sign-in" "Mozilla/5.0 (Windows NT 10.0; Win64; x64) AppleWebKit/537.36 (KHTML, like Gecko) Chrome/96.0.4664.110 Safari/537.36"
::1 - - [26/Dec/2021:17:58:57 +0000] "POST /posts/create HTTP/1.1" 200 264 "http://localhost:8001/" "Mozilla/5.0 (Windows NT 10.0; Win64; x64) AppleWebKit/537.36 (KHTML, like Gecko) Chrome/96.0.4664.110 Safari/537.36"
::1 - - [26/Dec/2021:17:58:59 +0000] "POST /comments/create HTTP/1.1" 200 311 "http://localhost:8001/" "Mozilla/5.0 (Windows NT 10.0; Win64; x64) AppleWebKit/537.36 (KHTML, like Gecko) Chrome/96.0.4664.110 Safari/537.36"
::1 - - [26/Dec/2021:17:59:01 +0000] "GET /comments/destroy/61c8ad63cd0076ce43c3e2e6 HTTP/1.1" 200 75 "http://localhost:8001/" "Mozilla/5.0 (Windows NT 10.0; Win64; x64) AppleWebKit/537.36 (KHTML, like Gecko) Chrome/96.0.4664.110 Safari/537.36"
::1 - - [26/Dec/2021:17:59:02 +0000] "GET /posts/destroy/61c8ad61cd0076ce43c3e2e1 HTTP/1.1" 200 72 "http://localhost:8001/" "Mozilla/5.0 (Windows NT 10.0; Win64; x64) AppleWebKit/537.36 (KHTML, like Gecko) Chrome/96.0.4664.110 Safari/537.36"
::1 - - [26/Dec/2021:17:59:06 +0000] "GET /users/sign-out HTTP/1.1" 302 46 "http://localhost:8001/" "Mozilla/5.0 (Windows NT 10.0; Win64; x64) AppleWebKit/537.36 (KHTML, like Gecko) Chrome/96.0.4664.110 Safari/537.36"
::1 - - [26/Dec/2021:17:59:06 +0000] "GET / HTTP/1.1" 200 3393 "http://localhost:8001/" "Mozilla/5.0 (Windows NT 10.0; Win64; x64) AppleWebKit/537.36 (KHTML, like Gecko) Chrome/96.0.4664.110 Safari/537.36"
::1 - - [26/Dec/2021:17:59:11 +0000] "GET /users/sign-in HTTP/1.1" 304 - "http://localhost:8001/" "Mozilla/5.0 (Windows NT 10.0; Win64; x64) AppleWebKit/537.36 (KHTML, like Gecko) Chrome/96.0.4664.110 Safari/537.36"
::1 - - [26/Dec/2021:17:59:16 +0000] "GET /users/auth/google HTTP/1.1" 302 0 "http://localhost:8001/users/sign-in" "Mozilla/5.0 (Windows NT 10.0; Win64; x64) AppleWebKit/537.36 (KHTML, like Gecko) Chrome/96.0.4664.110 Safari/537.36"
::1 - - [26/Dec/2021:17:59:37 +0000] "GET /users/auth/google HTTP/1.1" 302 0 "http://localhost:8001/users/sign-in" "Mozilla/5.0 (Windows NT 10.0; Win64; x64) AppleWebKit/537.36 (KHTML, like Gecko) Chrome/96.0.4664.110 Safari/537.36"
::1 - - [26/Dec/2021:18:03:31 +0000] "GET / HTTP/1.1" 200 3199 "-" "Mozilla/5.0 (Windows NT 10.0; Win64; x64) AppleWebKit/537.36 (KHTML, like Gecko) Chrome/96.0.4664.110 Safari/537.36"
::1 - - [26/Dec/2021:18:03:32 +0000] "GET / HTTP/1.1" 304 - "-" "Mozilla/5.0 (Windows NT 10.0; Win64; x64) AppleWebKit/537.36 (KHTML, like Gecko) Chrome/96.0.4664.110 Safari/537.36"
::1 - - [26/Dec/2021:18:03:35 +0000] "GET /users/sign-in HTTP/1.1" 304 - "http://localhost:8001/" "Mozilla/5.0 (Windows NT 10.0; Win64; x64) AppleWebKit/537.36 (KHTML, like Gecko) Chrome/96.0.4664.110 Safari/537.36"
::1 - - [26/Dec/2021:18:03:50 +0000] "POST /users/create-session HTTP/1.1" 302 46 "http://localhost:8001/users/sign-in" "Mozilla/5.0 (Windows NT 10.0; Win64; x64) AppleWebKit/537.36 (KHTML, like Gecko) Chrome/96.0.4664.110 Safari/537.36"
::1 - - [26/Dec/2021:18:03:50 +0000] "GET / HTTP/1.1" 200 4134 "http://localhost:8001/users/sign-in" "Mozilla/5.0 (Windows NT 10.0; Win64; x64) AppleWebKit/537.36 (KHTML, like Gecko) Chrome/96.0.4664.110 Safari/537.36"
::1 - - [26/Dec/2021:18:15:23 +0000] "GET / HTTP/1.1" 200 3939 "-" "Mozilla/5.0 (Windows NT 10.0; Win64; x64) AppleWebKit/537.36 (KHTML, like Gecko) Chrome/96.0.4664.110 Safari/537.36"
::1 - - [26/Dec/2021:18:15:27 +0000] "GET /users/sign-out HTTP/1.1" 302 46 "http://localhost:8001/" "Mozilla/5.0 (Windows NT 10.0; Win64; x64) AppleWebKit/537.36 (KHTML, like Gecko) Chrome/96.0.4664.110 Safari/537.36"
::1 - - [26/Dec/2021:18:15:27 +0000] "GET / HTTP/1.1" 200 3393 "http://localhost:8001/" "Mozilla/5.0 (Windows NT 10.0; Win64; x64) AppleWebKit/537.36 (KHTML, like Gecko) Chrome/96.0.4664.110 Safari/537.36"
::1 - - [26/Dec/2021:18:15:31 +0000] "GET /users/sign-in HTTP/1.1" 304 - "http://localhost:8001/" "Mozilla/5.0 (Windows NT 10.0; Win64; x64) AppleWebKit/537.36 (KHTML, like Gecko) Chrome/96.0.4664.110 Safari/537.36"
::1 - - [26/Dec/2021:18:15:32 +0000] "GET /users/auth/google HTTP/1.1" 302 0 "http://localhost:8001/users/sign-in" "Mozilla/5.0 (Windows NT 10.0; Win64; x64) AppleWebKit/537.36 (KHTML, like Gecko) Chrome/96.0.4664.110 Safari/537.36"
::1 - - [26/Dec/2021:18:20:00 +0000] "GET / HTTP/1.1" 200 3199 "-" "Mozilla/5.0 (Windows NT 10.0; Win64; x64) AppleWebKit/537.36 (KHTML, like Gecko) Chrome/96.0.4664.110 Safari/537.36"
::1 - - [26/Dec/2021:18:20:03 +0000] "GET /users/sign-in HTTP/1.1" 304 - "http://localhost:8001/" "Mozilla/5.0 (Windows NT 10.0; Win64; x64) AppleWebKit/537.36 (KHTML, like Gecko) Chrome/96.0.4664.110 Safari/537.36"
::1 - - [26/Dec/2021:18:20:06 +0000] "GET /users/auth/google HTTP/1.1" 302 0 "http://localhost:8001/users/sign-in" "Mozilla/5.0 (Windows NT 10.0; Win64; x64) AppleWebKit/537.36 (KHTML, like Gecko) Chrome/96.0.4664.110 Safari/537.36"
::1 - - [26/Dec/2021:18:24:41 +0000] "GET / HTTP/1.1" 304 - "-" "Mozilla/5.0 (Windows NT 10.0; Win64; x64) AppleWebKit/537.36 (KHTML, like Gecko) Chrome/96.0.4664.110 Safari/537.36"
::1 - - [26/Dec/2021:18:24:48 +0000] "GET /users/sign-in HTTP/1.1" 304 - "http://localhost:8001/" "Mozilla/5.0 (Windows NT 10.0; Win64; x64) AppleWebKit/537.36 (KHTML, like Gecko) Chrome/96.0.4664.110 Safari/537.36"
::1 - - [26/Dec/2021:18:24:50 +0000] "GET /users/auth/google HTTP/1.1" 302 0 "http://localhost:8001/users/sign-in" "Mozilla/5.0 (Windows NT 10.0; Win64; x64) AppleWebKit/537.36 (KHTML, like Gecko) Chrome/96.0.4664.110 Safari/537.36"
::1 - - [27/Dec/2021:14:15:51 +0000] "GET / HTTP/1.1" 200 3199 "-" "Mozilla/5.0 (Windows NT 10.0; Win64; x64) AppleWebKit/537.36 (KHTML, like Gecko) Chrome/96.0.4664.110 Safari/537.36"
::1 - - [27/Dec/2021:14:15:52 +0000] "GET /favicon.ico HTTP/1.1" 404 150 "http://localhost:8001/" "Mozilla/5.0 (Windows NT 10.0; Win64; x64) AppleWebKit/537.36 (KHTML, like Gecko) Chrome/96.0.4664.110 Safari/537.36"
::1 - - [27/Dec/2021:14:15:55 +0000] "GET /users/sign-in HTTP/1.1" 200 2261 "http://localhost:8001/" "Mozilla/5.0 (Windows NT 10.0; Win64; x64) AppleWebKit/537.36 (KHTML, like Gecko) Chrome/96.0.4664.110 Safari/537.36"
::1 - - [27/Dec/2021:14:15:57 +0000] "GET /users/auth/google HTTP/1.1" 302 0 "http://localhost:8001/users/sign-in" "Mozilla/5.0 (Windows NT 10.0; Win64; x64) AppleWebKit/537.36 (KHTML, like Gecko) Chrome/96.0.4664.110 Safari/537.36"
::1 - - [27/Dec/2021:14:16:01 +0000] "GET /users/auth/google/callback?code=4%2F0AX4XfWhGzccEUHkRO31c4rujkp9GF2azt6OlRIQWCDmEjbJX4vF1P513fdoRV3zJjvirbw&scope=email+profile+https%3A%2F%2Fwww.googleapis.com%2Fauth%2Fuserinfo.profile+https%3A%2F%2Fwww.googleapis.com%2Fauth%2Fuserinfo.email+openid&authuser=0&prompt=consent HTTP/1.1" 302 46 "-" "Mozilla/5.0 (Windows NT 10.0; Win64; x64) AppleWebKit/537.36 (KHTML, like Gecko) Chrome/96.0.4664.110 Safari/537.36"
::1 - - [27/Dec/2021:14:16:01 +0000] "GET / HTTP/1.1" 200 4280 "-" "Mozilla/5.0 (Windows NT 10.0; Win64; x64) AppleWebKit/537.36 (KHTML, like Gecko) Chrome/96.0.4664.110 Safari/537.36"
::1 - - [27/Dec/2021:14:29:23 +0000] "POST /posts/create HTTP/1.1" 200 269 "http://localhost:8001/" "Mozilla/5.0 (Windows NT 10.0; Win64; x64) AppleWebKit/537.36 (KHTML, like Gecko) Chrome/96.0.4664.110 Safari/537.36"
::1 - - [27/Dec/2021:14:29:25 +0000] "GET /posts/destroy/61c9cdc3ad44e3d4fc9ba164 HTTP/1.1" 200 72 "http://localhost:8001/" "Mozilla/5.0 (Windows NT 10.0; Win64; x64) AppleWebKit/537.36 (KHTML, like Gecko) Chrome/96.0.4664.110 Safari/537.36"
::1 - - [27/Dec/2021:15:29:43 +0000] "GET / HTTP/1.1" 304 - "-" "Mozilla/5.0 (Windows NT 10.0; Win64; x64) AppleWebKit/537.36 (KHTML, like Gecko) Chrome/96.0.4664.110 Safari/537.36"
::1 - - [27/Dec/2021:15:29:51 +0000] "GET /users/sign-in HTTP/1.1" 304 - "http://localhost:8001/" "Mozilla/5.0 (Windows NT 10.0; Win64; x64) AppleWebKit/537.36 (KHTML, like Gecko) Chrome/96.0.4664.110 Safari/537.36"
::1 - - [27/Dec/2021:15:29:53 +0000] "GET /users/auth/google HTTP/1.1" 302 0 "http://localhost:8001/users/sign-in" "Mozilla/5.0 (Windows NT 10.0; Win64; x64) AppleWebKit/537.36 (KHTML, like Gecko) Chrome/96.0.4664.110 Safari/537.36"
::1 - - [27/Dec/2021:15:30:04 +0000] "GET /users/auth/google/callback?code=4%2F0AX4XfWjSlKV7G7k8LSHJdFFKD5ZyoWOEEpiplAW1kw5KvrRXV6c0Euphes2Ua8_5Wwcc4Q&scope=email+profile+https%3A%2F%2Fwww.googleapis.com%2Fauth%2Fuserinfo.profile+https%3A%2F%2Fwww.googleapis.com%2Fauth%2Fuserinfo.email+openid&authuser=0&prompt=consent HTTP/1.1" 302 46 "-" "Mozilla/5.0 (Windows NT 10.0; Win64; x64) AppleWebKit/537.36 (KHTML, like Gecko) Chrome/96.0.4664.110 Safari/537.36"
::1 - - [27/Dec/2021:15:30:04 +0000] "GET / HTTP/1.1" 200 4280 "-" "Mozilla/5.0 (Windows NT 10.0; Win64; x64) AppleWebKit/537.36 (KHTML, like Gecko) Chrome/96.0.4664.110 Safari/537.36"
::1 - - [27/Dec/2021:17:44:37 +0000] "GET / HTTP/1.1" 200 3325 "-" "Mozilla/5.0 (Windows NT 10.0; Win64; x64) AppleWebKit/537.36 (KHTML, like Gecko) Chrome/96.0.4664.110 Safari/537.36"
::1 - - [27/Dec/2021:17:44:39 +0000] "GET /favicon.ico HTTP/1.1" 404 150 "http://localhost:8001/" "Mozilla/5.0 (Windows NT 10.0; Win64; x64) AppleWebKit/537.36 (KHTML, like Gecko) Chrome/96.0.4664.110 Safari/537.36"
::1 - - [27/Dec/2021:17:44:41 +0000] "GET /users/sign-in HTTP/1.1" 304 - "http://localhost:8001/" "Mozilla/5.0 (Windows NT 10.0; Win64; x64) AppleWebKit/537.36 (KHTML, like Gecko) Chrome/96.0.4664.110 Safari/537.36"
::1 - - [27/Dec/2021:17:44:44 +0000] "GET /users/auth/google HTTP/1.1" 302 0 "http://localhost:8001/users/sign-in" "Mozilla/5.0 (Windows NT 10.0; Win64; x64) AppleWebKit/537.36 (KHTML, like Gecko) Chrome/96.0.4664.110 Safari/537.36"
::1 - - [27/Dec/2021:17:44:55 +0000] "GET /users/auth/google/callback?code=4%2F0AX4XfWgeIwIhQYEjF8r7Xj5j5KOmhmdjMr2FL1jOjk9P82brWCDbiLOQ_vfAyHrzbVTDGw&scope=email+profile+https%3A%2F%2Fwww.googleapis.com%2Fauth%2Fuserinfo.profile+https%3A%2F%2Fwww.googleapis.com%2Fauth%2Fuserinfo.email+openid&authuser=0&prompt=consent HTTP/1.1" 302 46 "-" "Mozilla/5.0 (Windows NT 10.0; Win64; x64) AppleWebKit/537.36 (KHTML, like Gecko) Chrome/96.0.4664.110 Safari/537.36"
::1 - - [27/Dec/2021:17:44:55 +0000] "GET / HTTP/1.1" 200 4280 "-" "Mozilla/5.0 (Windows NT 10.0; Win64; x64) AppleWebKit/537.36 (KHTML, like Gecko) Chrome/96.0.4664.110 Safari/537.36"
::1 - - [27/Dec/2021:17:45:00 +0000] "POST /posts/create HTTP/1.1" 200 273 "http://localhost:8001/" "Mozilla/5.0 (Windows NT 10.0; Win64; x64) AppleWebKit/537.36 (KHTML, like Gecko) Chrome/96.0.4664.110 Safari/537.36"
::1 - - [27/Dec/2021:17:45:03 +0000] "POST /comments/create HTTP/1.1" 200 334 "http://localhost:8001/" "Mozilla/5.0 (Windows NT 10.0; Win64; x64) AppleWebKit/537.36 (KHTML, like Gecko) Chrome/96.0.4664.110 Safari/537.36"
::1 - - [27/Dec/2021:17:48:50 +0000] "GET / HTTP/1.1" 200 6060 "-" "Mozilla/5.0 (Windows NT 10.0; Win64; x64) AppleWebKit/537.36 (KHTML, like Gecko) Chrome/96.0.4664.110 Safari/537.36"
::1 - - [27/Dec/2021:17:49:00 +0000] "POST /users/create-session HTTP/1.1" 302 72 "http://localhost:8001/users/sign-in" "Mozilla/5.0 (Windows NT 10.0; Win64; x64) AppleWebKit/537.36 (KHTML, like Gecko) Chrome/96.0.4664.110 Safari/537.36"
::1 - - [27/Dec/2021:17:49:00 +0000] "GET /users/sign-in HTTP/1.1" 302 72 "http://localhost:8001/users/sign-in" "Mozilla/5.0 (Windows NT 10.0; Win64; x64) AppleWebKit/537.36 (KHTML, like Gecko) Chrome/96.0.4664.110 Safari/537.36"
::1 - - [27/Dec/2021:17:49:00 +0000] "GET /users/profile HTTP/1.1" 404 152 "http://localhost:8001/users/sign-in" "Mozilla/5.0 (Windows NT 10.0; Win64; x64) AppleWebKit/537.36 (KHTML, like Gecko) Chrome/96.0.4664.110 Safari/537.36"
::1 - - [27/Dec/2021:17:49:04 +0000] "POST /users/create-session HTTP/1.1" 302 72 "http://localhost:8001/users/sign-in" "Mozilla/5.0 (Windows NT 10.0; Win64; x64) AppleWebKit/537.36 (KHTML, like Gecko) Chrome/96.0.4664.110 Safari/537.36"
::1 - - [27/Dec/2021:17:49:04 +0000] "GET /users/sign-in HTTP/1.1" 302 72 "http://localhost:8001/users/sign-in" "Mozilla/5.0 (Windows NT 10.0; Win64; x64) AppleWebKit/537.36 (KHTML, like Gecko) Chrome/96.0.4664.110 Safari/537.36"
::1 - - [27/Dec/2021:17:49:04 +0000] "GET /users/profile HTTP/1.1" 404 152 "http://localhost:8001/users/sign-in" "Mozilla/5.0 (Windows NT 10.0; Win64; x64) AppleWebKit/537.36 (KHTML, like Gecko) Chrome/96.0.4664.110 Safari/537.36"
::1 - - [27/Dec/2021:17:49:22 +0000] "POST /users/create-session HTTP/1.1" 302 46 "http://localhost:8001/users/sign-in" "Mozilla/5.0 (Windows NT 10.0; Win64; x64) AppleWebKit/537.36 (KHTML, like Gecko) Chrome/96.0.4664.110 Safari/537.36"
::1 - - [27/Dec/2021:17:49:22 +0000] "GET / HTTP/1.1" 200 6088 "http://localhost:8001/users/sign-in" "Mozilla/5.0 (Windows NT 10.0; Win64; x64) AppleWebKit/537.36 (KHTML, like Gecko) Chrome/96.0.4664.110 Safari/537.36"
